<?xml version="1.0" encoding="UTF-8"?>
<!-- Generated by org.testng.reporters.JUnitReportReporter -->
<testsuite hostname="Seph" failures="0" tests="1" name="apex.scripts.TCAFS04_SignedIn_AddPhoneToFavoritesAndViewFavorites" time="4.722" errors="0" timestamp="2024-08-14T03:49:46 CST" skipped="0">
  <testcase classname="apex.scripts.TCAFS04_SignedIn_AddPhoneToFavoritesAndViewFavorites" name="TCAFS03_SignedIn_ViewOrderHistory" time="4.722"/>
  <system-out/>
</testsuite> <!-- apex.scripts.TCAFS04_SignedIn_AddPhoneToFavoritesAndViewFavorites -->
