<?xml version="1.0" encoding="UTF-8"?>
<!-- Generated by org.testng.reporters.JUnitReportReporter -->
<testsuite hostname="Seph" failures="0" tests="1" name="apex.scripts.TCAFS03_SignedIn_ViewOrderHistory" time="9.498" errors="0" timestamp="2024-08-16T13:27:48 CST" skipped="0">
  <testcase classname="apex.scripts.TCAFS03_SignedIn_ViewOrderHistory" name="TCAFS03_SignedIn_ViewOrderHistory" time="9.498"/>
  <system-out/>
</testsuite> <!-- apex.scripts.TCAFS03_SignedIn_ViewOrderHistory -->
