<?xml version="1.0" encoding="UTF-8"?>
<!-- Generated by org.testng.reporters.JUnitReportReporter -->
<testsuite hostname="Seph" failures="0" tests="1" name="apex.scripts.TCAFS02_SignedIn_AddPhoneToCartAndCheckoutWithDifferentQuantities" time="8.275" errors="0" timestamp="2024-08-16T14:55:34 CST" skipped="0">
  <testcase classname="apex.scripts.TCAFS02_SignedIn_AddPhoneToCartAndCheckoutWithDifferentQuantities" name="TCAFS02_SignedIn_AddPhoneToCartAndCheckoutWithDifferentQuantities" time="8.275"/>
  <system-out/>
</testsuite> <!-- apex.scripts.TCAFS02_SignedIn_AddPhoneToCartAndCheckoutWithDifferentQuantities -->
